{
  "RSpec": {
    "coverage": {
      "/Users/tomedejesus/Projects/Ruby_Projects/bank_tech_test/spec/features/transact_and_report_spec.rb": [
        1,
        null,
        1,
        1,
        1,
        1,
        null,
        null,
        1,
        2,
        null,
        null,
        null,
        null,
        1,
        1,
        1,
        2,
        null,
        null,
        null,
        null,
        1,
        1,
        1,
        1,
        2,
        null,
        null,
        null,
        null
      ],
      "/Users/tomedejesus/Projects/Ruby_Projects/bank_tech_test/lib/account.rb": [
        1,
        null,
        1,
        1,
        null,
        1,
        13,
        13,
        null,
        null,
        1,
        6,
        6,
        null,
        null,
        1,
        4,
        1,
        null,
        null,
        3,
        3,
        null,
        null,
        1,
        4,
        7,
        null,
        null,
        null
      ],
      "/Users/tomedejesus/Projects/Ruby_Projects/bank_tech_test/lib/statement.rb": [
        null,
        1,
        1,
        null,
        1,
        6,
        null,
        null,
        1,
        4,
        4,
        4,
        4,
        null,
        null
      ],
      "/Users/tomedejesus/Projects/Ruby_Projects/bank_tech_test/spec/units/account_spec.rb": [
        1,
        1,
        null,
        1,
        1,
        1,
        1,
        1,
        null,
        null,
        1,
        1,
        1,
        null,
        null,
        null,
        1,
        1,
        1,
        4,
        null,
        null,
        1,
        1,
        1,
        null,
        null,
        1,
        null,
        null,
        null,
        1,
        1,
        1,
        1,
        4,
        null,
        null,
        1,
        1,
        1,
        1,
        null,
        null,
        1,
        null,
        null,
        1,
        1,
        2,
        null,
        null,
        null,
        null,
        null,
        1,
        1,
        1,
        2,
        null,
        null,
        null,
        null,
        null
      ],
      "/Users/tomedejesus/Projects/Ruby_Projects/bank_tech_test/spec/test_helpers.rb": [
        1,
        8,
        8,
        8,
        null,
        null,
        1,
        2,
        null
      ],
      "/Users/tomedejesus/Projects/Ruby_Projects/bank_tech_test/spec/units/statement_spec.rb": [
        1,
        null,
        1,
        1,
        1,
        null,
        null,
        1,
        1,
        1,
        null,
        null,
        null,
        1,
        1,
        2,
        2,
        null,
        null,
        null,
        null
      ],
      "/Users/tomedejesus/Projects/Ruby_Projects/bank_tech_test/spec/units/transaction_spec.rb": [
        1,
        null,
        1,
        null,
        1,
        1,
        null,
        null,
        1,
        1,
        1,
        null,
        1,
        1,
        null,
        1,
        1,
        null,
        1,
        1,
        null,
        null,
        null,
        null
      ],
      "/Users/tomedejesus/Projects/Ruby_Projects/bank_tech_test/lib/transaction.rb": [
        null,
        1,
        null,
        1,
        null,
        1,
        1,
        1,
        1,
        1,
        null,
        null,
        null
      ]
    },
    "timestamp": 1557391715
  }
}
